# JRE version: Java(TM) SE Runtime Environment (8.0_31-b13) (build 1.8.0_31-b13)
# Java VM: Java HotSpot(TM) 64-Bit Server VM (25.31-b07 mixed mode windows-amd64 compressed oops)
Heap:
 PSYoungGen      total 47616K, used 5108K [0x00000000d6100000, 0x00000000d9600000, 0x0000000100000000)
  eden space 42496K, 0% used [0x00000000d6100000,0x00000000d6100000,0x00000000d8a80000)
  from space 5120K, 99% used [0x00000000d8a80000,0x00000000d8f7d030,0x00000000d8f80000)
  to   space 5120K, 0% used [0x00000000d8f80000,0x00000000d8f80000,0x00000000d9480000)
 ParOldGen       total 59904K, used 10009K [0x0000000082200000, 0x0000000085c80000, 0x00000000d6100000)
  object space 59904K, 16% used [0x0000000082200000,0x0000000082bc6470,0x0000000085c80000)
 Metaspace       used 27289K, capacity 28446K, committed 28592K, reserved 1083392K
  class space    used 3708K, capacity 3951K, committed 4016K, reserved 1048576K
GC Heap History (10 events):
Event: 6.314 GC heap after
Heap after GC invocations=9 (full 2):
 PSYoungGen      total 47616K, used 3584K [0x00000000d6100000, 0x00000000d9600000, 0x0000000100000000)
  eden space 42496K, 0% used [0x00000000d6100000,0x00000000d6100000,0x00000000d8a80000)
  from space 5120K, 70% used [0x00000000d8a80000,0x00000000d8e00350,0x00000000d8f80000)
  to   space 5120K, 0% used [0x00000000d8f80000,0x00000000d8f80000,0x00000000d9480000)
 ParOldGen       total 59904K, used 6360K [0x0000000082200000, 0x0000000085c80000, 0x00000000d6100000)
  object space 59904K, 10% used [0x0000000082200000,0x0000000082836148,0x0000000085c80000)
 Metaspace       used 23325K, capacity 24100K, committed 24368K, reserved 1073152K
  class space    used 3093K, capacity 3270K, committed 3376K, reserved 1048576K
}
Event: 6.768 GC heap before
{Heap before GC invocations=10 (full 2):
 PSYoungGen      total 47616K, used 46080K [0x00000000d6100000, 0x00000000d9600000, 0x0000000100000000)
  eden space 42496K, 100% used [0x00000000d6100000,0x00000000d8a80000,0x00000000d8a80000)
  from space 5120K, 70% used [0x00000000d8a80000,0x00000000d8e00350,0x00000000d8f80000)
  to   space 5120K, 0% used [0x00000000d8f80000,0x00000000d8f80000,0x00000000d9480000)
 ParOldGen       total 59904K, used 6360K [0x0000000082200000, 0x0000000085c80000, 0x00000000d6100000)
  object space 59904K, 10% used [0x0000000082200000,0x0000000082836148,0x0000000085c80000)
 Metaspace       used 24625K, capacity 25496K, committed 25520K, reserved 1073152K
  class space    used 3291K, capacity 3488K, committed 3504K, reserved 1048576K
Event: 6.772 GC heap after
Heap after GC invocations=10 (full 2):
 PSYoungGen      total 47616K, used 4358K [0x00000000d6100000, 0x00000000d9600000, 0x0000000100000000)
  eden space 42496K, 0% used [0x00000000d6100000,0x00000000d6100000,0x00000000d8a80000)
  from space 5120K, 85% used [0x00000000d8f80000,0x00000000d93c1b28,0x00000000d9480000)
  to   space 5120K, 0% used [0x00000000d8a80000,0x00000000d8a80000,0x00000000d8f80000)
 ParOldGen       total 59904K, used 6368K [0x0000000082200000, 0x0000000085c80000, 0x00000000d6100000)
  object space 59904K, 10% used [0x0000000082200000,0x0000000082838148,0x0000000085c80000)
 Metaspace       used 24625K, capacity 25496K, committed 25520K, reserved 1073152K
  class space    used 3291K, capacity 3488K, committed 3504K, reserved 1048576K
}
Event: 6.946 GC heap before
{Heap before GC invocations=11 (full 2):
 PSYoungGen      total 47616K, used 46854K [0x00000000d6100000, 0x00000000d9600000, 0x0000000100000000)
  eden space 42496K, 100% used [0x00000000d6100000,0x00000000d8a80000,0x00000000d8a80000)
  from space 5120K, 85% used [0x00000000d8f80000,0x00000000d93c1b28,0x00000000d9480000)
  to   space 5120K, 0% used [0x00000000d8a80000,0x00000000d8a80000,0x00000000d8f80000)
 ParOldGen       total 59904K, used 6368K [0x0000000082200000, 0x0000000085c80000, 0x00000000d6100000)
  object space 59904K, 10% used [0x0000000082200000,0x0000000082838148,0x0000000085c80000)
 Metaspace       used 24799K, capacity 25654K, committed 25776K, reserved 1073152K
  class space    used 3309K, capacity 3493K, committed 3504K, reserved 1048576K
Event: 6.949 GC heap after
Heap after GC invocations=11 (full 2):
 PSYoungGen      total 47616K, used 3693K [0x00000000d6100000, 0x00000000d9600000, 0x0000000100000000)
  eden space 42496K, 0% used [0x00000000d6100000,0x00000000d6100000,0x00000000d8a80000)
  from space 5120K, 72% used [0x00000000d8a80000,0x00000000d8e1b5f8,0x00000000d8f80000)
  to   space 5120K, 0% used [0x00000000d8f80000,0x00000000d8f80000,0x00000000d9480000)
 ParOldGen       total 59904K, used 6376K [0x0000000082200000, 0x0000000085c80000, 0x00000000d6100000)
  object space 59904K, 10% used [0x0000000082200000,0x000000008283a148,0x0000000085c80000)
 Metaspace       used 24799K, capacity 25654K, committed 25776K, reserved 1073152K
  class space    used 3309K, capacity 3493K, committed 3504K, reserved 1048576K
}
Event: 7.247 GC heap before
{Heap before GC invocations=12 (full 2):
 PSYoungGen      total 47616K, used 46189K [0x00000000d6100000, 0x00000000d9600000, 0x0000000100000000)
  eden space 42496K, 100% used [0x00000000d6100000,0x00000000d8a80000,0x00000000d8a80000)
  from space 5120K, 72% used [0x00000000d8a80000,0x00000000d8e1b5f8,0x00000000d8f80000)
  to   space 5120K, 0% used [0x00000000d8f80000,0x00000000d8f80000,0x00000000d9480000)
 ParOldGen       total 59904K, used 6376K [0x0000000082200000, 0x0000000085c80000, 0x00000000d6100000)
  object space 59904K, 10% used [0x0000000082200000,0x000000008283a148,0x0000000085c80000)
 Metaspace       used 25664K, capacity 26584K, committed 26800K, reserved 1075200K
  class space    used 3440K, capacity 3646K, committed 3760K, reserved 1048576K
Event: 7.253 GC heap after
Heap after GC invocations=12 (full 2):
 PSYoungGen      total 47616K, used 5088K [0x00000000d6100000, 0x00000000d9600000, 0x0000000100000000)
  eden space 42496K, 0% used [0x00000000d6100000,0x00000000d6100000,0x00000000d8a80000)
  from space 5120K, 99% used [0x00000000d8f80000,0x00000000d9478338,0x00000000d9480000)
  to   space 5120K, 0% used [0x00000000d8a80000,0x00000000d8a80000,0x00000000d8f80000)
 ParOldGen       total 59904K, used 7683K [0x0000000082200000, 0x0000000085c80000, 0x00000000d6100000)
  object space 59904K, 12% used [0x0000000082200000,0x0000000082980ef8,0x0000000085c80000)
 Metaspace       used 25664K, capacity 26584K, committed 26800K, reserved 1075200K
  class space    used 3440K, capacity 3646K, committed 3760K, reserved 1048576K
}
Event: 7.717 GC heap before
{Heap before GC invocations=13 (full 2):
 PSYoungGen      total 47616K, used 38051K [0x00000000d6100000, 0x00000000d9600000, 0x0000000100000000)
  eden space 42496K, 77% used [0x00000000d6100000,0x00000000d8130a38,0x00000000d8a80000)
  from space 5120K, 99% used [0x00000000d8f80000,0x00000000d9478338,0x00000000d9480000)
  to   space 5120K, 0% used [0x00000000d8a80000,0x00000000d8a80000,0x00000000d8f80000)
 ParOldGen       total 59904K, used 7683K [0x0000000082200000, 0x0000000085c80000, 0x00000000d6100000)
  object space 59904K, 12% used [0x0000000082200000,0x0000000082980ef8,0x0000000085c80000)
 Metaspace       used 27289K, capacity 28446K, committed 28592K, reserved 1083392K
  class space    used 3708K, capacity 3951K, committed 4016K, reserved 1048576K
Event: 7.723 GC heap after
Heap after GC invocations=13 (full 2):
 PSYoungGen      total 47616K, used 5108K [0x00000000d6100000, 0x00000000d9600000, 0x0000000100000000)
  eden space 42496K, 0% used [0x00000000d6100000,0x00000000d6100000,0x00000000d8a80000)
  from space 5120K, 99% used [0x00000000d8a80000,0x00000000d8f7d030,0x00000000d8f80000)
  to   space 5120K, 0% used [0x00000000d8f80000,0x00000000d8f80000,0x00000000d9480000)
 ParOldGen       total 59904K, used 10009K [0x0000000082200000, 0x0000000085c80000, 0x00000000d6100000)
  object space 59904K, 16% used [0x0000000082200000,0x0000000082bc6470,0x0000000085c80000)
 Metaspace       used 27289K, capacity 28446K, committed 28592K, reserved 1083392K
  class space    used 3708K, capacity 3951K, committed 4016K, reserved 1048576K
}
Event: 7.723 GC heap before
{Heap before GC invocations=14 (full 3):
 PSYoungGen      total 47616K, used 5108K [0x00000000d6100000, 0x00000000d9600000, 0x0000000100000000)
  eden space 42496K, 0% used [0x00000000d6100000,0x00000000d6100000,0x00000000d8a80000)
  from space 5120K, 99% used [0x00000000d8a80000,0x00000000d8f7d030,0x00000000d8f80000)
  to   space 5120K, 0% used [0x00000000d8f80000,0x00000000d8f80000,0x00000000d9480000)
 ParOldGen       total 59904K, used 10009K [0x0000000082200000, 0x0000000085c80000, 0x00000000d6100000)
  object space 59904K, 16% used [0x0000000082200000,0x0000000082bc6470,0x0000000085c80000)
 Metaspace       used 27289K, capacity 28446K, committed 28592K, reserved 1083392K
  class space    used 3708K, capacity 3951K, committed 4016K, reserved 1048576K

